<?xml version="1.0" encoding="UTF-8"?>
<testsuite name="calendar.Appt_ESTest" time="0.206" tests="62" errors="0" skipped="0" failures="0">
  <properties>
    <property name="java.runtime.name" value="Java(TM) SE Runtime Environment"/>
    <property name="sun.boot.library.path" value="C:\Program Files\Java\jdk1.8.0_131\jre\bin"/>
    <property name="java.vm.version" value="25.131-b11"/>
    <property name="java.vm.vendor" value="Oracle Corporation"/>
    <property name="maven.multiModuleProjectDirectory" value="C:\Users\MOHAMMED\Desktop\alawammo\evosuite"/>
    <property name="java.vendor.url" value="http://java.oracle.com/"/>
    <property name="path.separator" value=";"/>
    <property name="guice.disable.misplaced.annotation.check" value="true"/>
    <property name="java.vm.name" value="Java HotSpot(TM) 64-Bit Server VM"/>
    <property name="file.encoding.pkg" value="sun.io"/>
    <property name="user.script" value=""/>
    <property name="user.country" value="US"/>
    <property name="sun.java.launcher" value="SUN_STANDARD"/>
    <property name="sun.os.patch.level" value=""/>
    <property name="java.vm.specification.name" value="Java Virtual Machine Specification"/>
    <property name="user.dir" value="C:\Users\MOHAMMED\Desktop\alawammo\evosuite"/>
    <property name="java.runtime.version" value="1.8.0_131-b11"/>
    <property name="java.awt.graphicsenv" value="sun.awt.Win32GraphicsEnvironment"/>
    <property name="java.endorsed.dirs" value="C:\Program Files\Java\jdk1.8.0_131\jre\lib\endorsed"/>
    <property name="os.arch" value="amd64"/>
    <property name="java.io.tmpdir" value="C:\Users\MOHAMMED\AppData\Local\Temp\"/>
    <property name="line.separator" value="&#10;"/>
    <property name="java.vm.specification.vendor" value="Oracle Corporation"/>
    <property name="user.variant" value=""/>
    <property name="os.name" value="Windows 10"/>
    <property name="classworlds.conf" value="C:\apache-maven-3.5.0\bin\..\bin\m2.conf"/>
    <property name="sun.jnu.encoding" value="Cp1252"/>
    <property name="java.library.path" value="C:\Program Files\Java\jdk1.8.0_131\bin;C:\windows\Sun\Java\bin;C:\windows\system32;C:\windows;C:\Program Files\Java\jdk1.8.0_131\bin;C:\windows\system32;C:\windows;C:\windows\System32\Wbem;C:\windows\System32\WindowsPowerShell\v1.0\;C:\apache-maven-3.5.0\bin;C:\Program Files\Java\jdk1.8.0_131;C:\Program Files\nodejs\;C:\Users\MOHAMMED\AppData\Local\Microsoft\WindowsApps;C:\Users\MOHAMMED\AppData\Local\atom\bin;C:\Users\MOHAMMED\AppData\Roaming\npm;C:\Users\MOHAMMED\AppData\Local\GitHubDesktop\bin;."/>
    <property name="maven.conf" value="C:\apache-maven-3.5.0\bin\../conf"/>
    <property name="java.specification.name" value="Java Platform API Specification"/>
    <property name="java.class.version" value="52.0"/>
    <property name="sun.management.compiler" value="HotSpot 64-Bit Tiered Compilers"/>
    <property name="os.version" value="10.0"/>
    <property name="library.jansi.path" value="C:\apache-maven-3.5.0\bin\..\lib\jansi-native\windows64"/>
    <property name="user.home" value="C:\Users\MOHAMMED"/>
    <property name="user.timezone" value="America/Los_Angeles"/>
    <property name="java.awt.printerjob" value="sun.awt.windows.WPrinterJob"/>
    <property name="java.specification.version" value="1.8"/>
    <property name="file.encoding" value="Cp1252"/>
    <property name="user.name" value="MOHAMMED"/>
    <property name="java.class.path" value="C:\apache-maven-3.5.0\bin\..\boot\plexus-classworlds-2.5.2.jar"/>
    <property name="java.vm.specification.version" value="1.8"/>
    <property name="sun.arch.data.model" value="64"/>
    <property name="java.home" value="C:\Program Files\Java\jdk1.8.0_131\jre"/>
    <property name="sun.java.command" value="org.codehaus.plexus.classworlds.launcher.Launcher test"/>
    <property name="java.specification.vendor" value="Oracle Corporation"/>
    <property name="user.language" value="en"/>
    <property name="awt.toolkit" value="sun.awt.windows.WToolkit"/>
    <property name="java.vm.info" value="mixed mode"/>
    <property name="java.version" value="1.8.0_131"/>
    <property name="java.ext.dirs" value="C:\Program Files\Java\jdk1.8.0_131\jre\lib\ext;C:\windows\Sun\Java\lib\ext"/>
    <property name="sun.boot.class.path" value="C:\Program Files\Java\jdk1.8.0_131\jre\lib\resources.jar;C:\Program Files\Java\jdk1.8.0_131\jre\lib\rt.jar;C:\Program Files\Java\jdk1.8.0_131\jre\lib\sunrsasign.jar;C:\Program Files\Java\jdk1.8.0_131\jre\lib\jsse.jar;C:\Program Files\Java\jdk1.8.0_131\jre\lib\jce.jar;C:\Program Files\Java\jdk1.8.0_131\jre\lib\charsets.jar;C:\Program Files\Java\jdk1.8.0_131\jre\lib\jfr.jar;C:\Program Files\Java\jdk1.8.0_131\jre\classes"/>
    <property name="sun.stderr.encoding" value="cp437"/>
    <property name="java.vendor" value="Oracle Corporation"/>
    <property name="maven.home" value="C:\apache-maven-3.5.0\bin\.."/>
    <property name="file.separator" value="\"/>
    <property name="java.vendor.url.bug" value="http://bugreport.sun.com/bugreport/"/>
    <property name="sun.cpu.endian" value="little"/>
    <property name="sun.io.unicode.encoding" value="UnicodeLittle"/>
    <property name="sun.stdout.encoding" value="cp437"/>
    <property name="sun.desktop" value="windows"/>
    <property name="sun.cpu.isalist" value="amd64"/>
  </properties>
  <testcase name="test00" classname="calendar.Appt_ESTest" time="0.021"/>
  <testcase name="test44" classname="calendar.Appt_ESTest" time="0.004"/>
  <testcase name="test01" classname="calendar.Appt_ESTest" time="0.012"/>
  <testcase name="test45" classname="calendar.Appt_ESTest" time="0.004"/>
  <testcase name="test42" classname="calendar.Appt_ESTest" time="0.002"/>
  <testcase name="test43" classname="calendar.Appt_ESTest" time="0.003"/>
  <testcase name="test04" classname="calendar.Appt_ESTest" time="0.002"/>
  <testcase name="test48" classname="calendar.Appt_ESTest" time="0.004"/>
  <testcase name="test05" classname="calendar.Appt_ESTest" time="0.003"/>
  <testcase name="test49" classname="calendar.Appt_ESTest" time="0.002"/>
  <testcase name="test02" classname="calendar.Appt_ESTest" time="0.005"/>
  <testcase name="test46" classname="calendar.Appt_ESTest" time="0.002"/>
  <testcase name="test03" classname="calendar.Appt_ESTest" time="0.002"/>
  <testcase name="test47" classname="calendar.Appt_ESTest" time="0.003"/>
  <testcase name="test08" classname="calendar.Appt_ESTest" time="0.006"/>
  <testcase name="test09" classname="calendar.Appt_ESTest" time="0.005"/>
  <testcase name="test06" classname="calendar.Appt_ESTest" time="0.005"/>
  <testcase name="test07" classname="calendar.Appt_ESTest" time="0.005"/>
  <testcase name="test40" classname="calendar.Appt_ESTest" time="0.002"/>
  <testcase name="test41" classname="calendar.Appt_ESTest" time="0.002"/>
  <testcase name="test11" classname="calendar.Appt_ESTest" time="0.002"/>
  <testcase name="test55" classname="calendar.Appt_ESTest" time="0.006"/>
  <testcase name="test12" classname="calendar.Appt_ESTest" time="0.005"/>
  <testcase name="test56" classname="calendar.Appt_ESTest" time="0.003"/>
  <testcase name="test53" classname="calendar.Appt_ESTest" time="0.004"/>
  <testcase name="test10" classname="calendar.Appt_ESTest" time="0.009"/>
  <testcase name="test54" classname="calendar.Appt_ESTest" time="0.001"/>
  <testcase name="test15" classname="calendar.Appt_ESTest" time="0.002"/>
  <testcase name="test59" classname="calendar.Appt_ESTest" time="0.002"/>
  <testcase name="test16" classname="calendar.Appt_ESTest" time="0.005"/>
  <testcase name="test13" classname="calendar.Appt_ESTest" time="0.003"/>
  <testcase name="test57" classname="calendar.Appt_ESTest" time="0.002"/>
  <testcase name="test14" classname="calendar.Appt_ESTest" time="0.002"/>
  <testcase name="test58" classname="calendar.Appt_ESTest" time="0.002"/>
  <testcase name="test19" classname="calendar.Appt_ESTest" time="0.002"/>
  <testcase name="test17" classname="calendar.Appt_ESTest" time="0.002"/>
  <testcase name="test18" classname="calendar.Appt_ESTest" time="0.002"/>
  <testcase name="test51" classname="calendar.Appt_ESTest" time="0.002"/>
  <testcase name="test52" classname="calendar.Appt_ESTest" time="0.004"/>
  <testcase name="test50" classname="calendar.Appt_ESTest" time="0.002"/>
  <testcase name="test22" classname="calendar.Appt_ESTest" time="0.001"/>
  <testcase name="test23" classname="calendar.Appt_ESTest" time="0.002"/>
  <testcase name="test20" classname="calendar.Appt_ESTest" time="0.001"/>
  <testcase name="test21" classname="calendar.Appt_ESTest" time="0.001"/>
  <testcase name="test26" classname="calendar.Appt_ESTest" time="0.002"/>
  <testcase name="test27" classname="calendar.Appt_ESTest" time="0.002"/>
  <testcase name="test24" classname="calendar.Appt_ESTest" time="0.001"/>
  <testcase name="test25" classname="calendar.Appt_ESTest" time="0.002"/>
  <testcase name="test28" classname="calendar.Appt_ESTest" time="0.002"/>
  <testcase name="test29" classname="calendar.Appt_ESTest" time="0.002"/>
  <testcase name="test60" classname="calendar.Appt_ESTest" time="0.003"/>
  <testcase name="test61" classname="calendar.Appt_ESTest" time="0.002"/>
  <testcase name="test33" classname="calendar.Appt_ESTest" time="0.002"/>
  <testcase name="test34" classname="calendar.Appt_ESTest" time="0.002"/>
  <testcase name="test31" classname="calendar.Appt_ESTest" time="0.002"/>
  <testcase name="test32" classname="calendar.Appt_ESTest" time="0.002"/>
  <testcase name="test37" classname="calendar.Appt_ESTest" time="0.002"/>
  <testcase name="test38" classname="calendar.Appt_ESTest" time="0.006"/>
  <testcase name="test35" classname="calendar.Appt_ESTest" time="0.003"/>
  <testcase name="test36" classname="calendar.Appt_ESTest" time="0.002"/>
  <testcase name="test39" classname="calendar.Appt_ESTest" time="0.004"/>
  <testcase name="test30" classname="calendar.Appt_ESTest" time="0.004"/>
</testsuite>